<?xml version="1.0" encoding="UTF-8"?>
<!-- Generated by org.testng.reporters.JUnitXMLReporter -->
<testsuite hostname="Admin-PC" ignored="0" name="Test" tests="4" failures="0" timestamp="2020-07-22T01:32:55 IST" time="0.08" errors="0">
  <testcase name="dataMav" time="0.002" classname="SidProjects.MavenJavaData.mavenData"/>
  <testcase name="dataMavenss" time="0.0" classname="SidProjects.MavenJavaData.mavenData"/>
  <testcase name="mavDat" time="0.0" classname="SidProjects.MavenJavaData.dataMaven"/>
  <testcase name="mavenDats" time="0.0" classname="SidProjects.MavenJavaData.checkData"/>
</testsuite> <!-- Test -->
