<?xml version="1.0" encoding="UTF-8"?>
<testng-results skipped="0" failed="0" ignored="0" total="1" passed="1">
  <reporter-output>
  </reporter-output>
  <suite name="Default suite" duration-ms="79" started-at="2020-06-28T12:02:40 IST" finished-at="2020-06-28T12:02:40 IST">
    <groups>
    </groups>
    <test name="Default test" duration-ms="79" started-at="2020-06-28T12:02:40 IST" finished-at="2020-06-28T12:02:40 IST">
      <class name="SidProjects.MavenJavaData.mavenData">
        <test-method status="PASS" signature="dataMav()[pri:0, instance:SidProjects.MavenJavaData.mavenData@69a3d1d]" name="dataMav" duration-ms="13" started-at="2020-06-28T12:02:40 IST" finished-at="2020-06-28T12:02:40 IST">
          <reporter-output>
          </reporter-output>
        </test-method> <!-- dataMav -->
      </class> <!-- SidProjects.MavenJavaData.mavenData -->
    </test> <!-- Default test -->
  </suite> <!-- Default suite -->
</testng-results>
